/home/judit/tech/workspace/vfs_airflow_share/workspace_airflow/airflow_doc_gen/providers/nomad/docs/_api/airflow/providers/nomad/models/index.rst:181: ERROR: Unexpected indentation. [docutils]
/home/judit/tech/workspace/vfs_airflow_share/workspace_airflow/airflow_doc_gen/providers/nomad/docs/_api/airflow/providers/nomad/models/index.rst:182: WARNING: Block quote ends without a blank line; unexpected unindent. [docutils]
/home/judit/tech/workspace/vfs_airflow_share/workspace_airflow/airflow_doc_gen/providers/nomad/docs/_api/airflow/providers/nomad/models/index.rst:184: WARNING: Definition list ends without a blank line; unexpected unindent. [docutils]
/home/judit/tech/workspace/vfs_airflow_share/workspace_airflow/airflow_doc_gen/providers/nomad/docs/_api/airflow/providers/nomad/models/index.rst:195: WARNING: Definition list ends without a blank line; unexpected unindent. [docutils]
/home/judit/tech/workspace/vfs_airflow_share/workspace_airflow/airflow_doc_gen/providers/nomad/docs/_api/airflow/providers/nomad/models/index.rst:275: ERROR: Unexpected indentation. [docutils]
/home/judit/tech/workspace/vfs_airflow_share/workspace_airflow/airflow_doc_gen/providers/nomad/docs/_api/airflow/providers/nomad/models/index.rst:276: WARNING: Block quote ends without a blank line; unexpected unindent. [docutils]
/home/judit/tech/workspace/vfs_airflow_share/workspace_airflow/airflow_doc_gen/providers/nomad/docs/_api/airflow/providers/nomad/models/index.rst:278: WARNING: Definition list ends without a blank line; unexpected unindent. [docutils]
/home/judit/tech/workspace/vfs_airflow_share/workspace_airflow/airflow_doc_gen/providers/nomad/docs/_api/airflow/providers/nomad/models/index.rst:289: WARNING: Definition list ends without a blank line; unexpected unindent. [docutils]
/home/judit/tech/workspace/vfs_airflow_share/workspace_airflow/airflow_doc_gen/providers/nomad/docs/_api/airflow/providers/nomad/models/index.rst:330: ERROR: Unexpected indentation. [docutils]
/home/judit/tech/workspace/vfs_airflow_share/workspace_airflow/airflow_doc_gen/providers/nomad/docs/_api/airflow/providers/nomad/models/index.rst:331: WARNING: Block quote ends without a blank line; unexpected unindent. [docutils]
/home/judit/tech/workspace/vfs_airflow_share/workspace_airflow/airflow_doc_gen/providers/nomad/docs/_api/airflow/providers/nomad/models/index.rst:333: WARNING: Definition list ends without a blank line; unexpected unindent. [docutils]
/home/judit/tech/workspace/vfs_airflow_share/workspace_airflow/airflow_doc_gen/providers/nomad/docs/_api/airflow/providers/nomad/models/index.rst:344: WARNING: Definition list ends without a blank line; unexpected unindent. [docutils]
/home/judit/tech/workspace/vfs_airflow_share/workspace_airflow/airflow_doc_gen/providers/nomad/docs/_api/airflow/providers/nomad/models/index.rst:397: ERROR: Unexpected indentation. [docutils]
/home/judit/tech/workspace/vfs_airflow_share/workspace_airflow/airflow_doc_gen/providers/nomad/docs/_api/airflow/providers/nomad/models/index.rst:398: WARNING: Block quote ends without a blank line; unexpected unindent. [docutils]
/home/judit/tech/workspace/vfs_airflow_share/workspace_airflow/airflow_doc_gen/providers/nomad/docs/_api/airflow/providers/nomad/models/index.rst:400: WARNING: Definition list ends without a blank line; unexpected unindent. [docutils]
/home/judit/tech/workspace/vfs_airflow_share/workspace_airflow/airflow_doc_gen/providers/nomad/docs/_api/airflow/providers/nomad/models/index.rst:411: WARNING: Definition list ends without a blank line; unexpected unindent. [docutils]
/home/judit/tech/workspace/vfs_airflow_share/workspace_airflow/airflow_doc_gen/providers/nomad/docs/_api/airflow/providers/nomad/models/index.rst:488: ERROR: Unexpected indentation. [docutils]
/home/judit/tech/workspace/vfs_airflow_share/workspace_airflow/airflow_doc_gen/providers/nomad/docs/_api/airflow/providers/nomad/models/index.rst:489: WARNING: Block quote ends without a blank line; unexpected unindent. [docutils]
/home/judit/tech/workspace/vfs_airflow_share/workspace_airflow/airflow_doc_gen/providers/nomad/docs/_api/airflow/providers/nomad/models/index.rst:491: WARNING: Definition list ends without a blank line; unexpected unindent. [docutils]
/home/judit/tech/workspace/vfs_airflow_share/workspace_airflow/airflow_doc_gen/providers/nomad/docs/_api/airflow/providers/nomad/models/index.rst:502: WARNING: Definition list ends without a blank line; unexpected unindent. [docutils]
/home/judit/tech/workspace/vfs_airflow_share/workspace_airflow/airflow_doc_gen/providers/nomad/docs/_api/airflow/providers/nomad/models/index.rst:562: ERROR: Unexpected indentation. [docutils]
/home/judit/tech/workspace/vfs_airflow_share/workspace_airflow/airflow_doc_gen/providers/nomad/docs/_api/airflow/providers/nomad/models/index.rst:563: WARNING: Block quote ends without a blank line; unexpected unindent. [docutils]
/home/judit/tech/workspace/vfs_airflow_share/workspace_airflow/airflow_doc_gen/providers/nomad/docs/_api/airflow/providers/nomad/models/index.rst:565: WARNING: Definition list ends without a blank line; unexpected unindent. [docutils]
/home/judit/tech/workspace/vfs_airflow_share/workspace_airflow/airflow_doc_gen/providers/nomad/docs/_api/airflow/providers/nomad/models/index.rst:576: WARNING: Definition list ends without a blank line; unexpected unindent. [docutils]
/home/judit/tech/workspace/vfs_airflow_share/workspace_airflow/airflow_doc_gen/providers/nomad/docs/_api/airflow/providers/nomad/models/index.rst:635: ERROR: Unexpected indentation. [docutils]
/home/judit/tech/workspace/vfs_airflow_share/workspace_airflow/airflow_doc_gen/providers/nomad/docs/_api/airflow/providers/nomad/models/index.rst:636: WARNING: Block quote ends without a blank line; unexpected unindent. [docutils]
/home/judit/tech/workspace/vfs_airflow_share/workspace_airflow/airflow_doc_gen/providers/nomad/docs/_api/airflow/providers/nomad/models/index.rst:638: WARNING: Definition list ends without a blank line; unexpected unindent. [docutils]
/home/judit/tech/workspace/vfs_airflow_share/workspace_airflow/airflow_doc_gen/providers/nomad/docs/_api/airflow/providers/nomad/models/index.rst:649: WARNING: Definition list ends without a blank line; unexpected unindent. [docutils]
/home/judit/tech/workspace/vfs_airflow_share/workspace_airflow/airflow_doc_gen/providers/nomad/docs/_api/airflow/providers/nomad/models/index.rst:704: ERROR: Unexpected indentation. [docutils]
/home/judit/tech/workspace/vfs_airflow_share/workspace_airflow/airflow_doc_gen/providers/nomad/docs/_api/airflow/providers/nomad/models/index.rst:705: WARNING: Block quote ends without a blank line; unexpected unindent. [docutils]
/home/judit/tech/workspace/vfs_airflow_share/workspace_airflow/airflow_doc_gen/providers/nomad/docs/_api/airflow/providers/nomad/models/index.rst:707: WARNING: Definition list ends without a blank line; unexpected unindent. [docutils]
/home/judit/tech/workspace/vfs_airflow_share/workspace_airflow/airflow_doc_gen/providers/nomad/docs/_api/airflow/providers/nomad/models/index.rst:718: WARNING: Definition list ends without a blank line; unexpected unindent. [docutils]
/home/judit/tech/workspace/vfs_airflow_share/workspace_airflow/airflow_doc_gen/providers/nomad/docs/_api/airflow/providers/nomad/models/index.rst:769: ERROR: Unexpected indentation. [docutils]
/home/judit/tech/workspace/vfs_airflow_share/workspace_airflow/airflow_doc_gen/providers/nomad/docs/_api/airflow/providers/nomad/models/index.rst:770: WARNING: Block quote ends without a blank line; unexpected unindent. [docutils]
/home/judit/tech/workspace/vfs_airflow_share/workspace_airflow/airflow_doc_gen/providers/nomad/docs/_api/airflow/providers/nomad/models/index.rst:772: WARNING: Definition list ends without a blank line; unexpected unindent. [docutils]
/home/judit/tech/workspace/vfs_airflow_share/workspace_airflow/airflow_doc_gen/providers/nomad/docs/_api/airflow/providers/nomad/models/index.rst:783: WARNING: Definition list ends without a blank line; unexpected unindent. [docutils]
/home/judit/tech/workspace/vfs_airflow_share/workspace_airflow/airflow_doc_gen/providers/nomad/docs/_api/airflow/providers/nomad/models/index.rst:819: ERROR: Unexpected indentation. [docutils]
/home/judit/tech/workspace/vfs_airflow_share/workspace_airflow/airflow_doc_gen/providers/nomad/docs/_api/airflow/providers/nomad/models/index.rst:820: WARNING: Block quote ends without a blank line; unexpected unindent. [docutils]
/home/judit/tech/workspace/vfs_airflow_share/workspace_airflow/airflow_doc_gen/providers/nomad/docs/_api/airflow/providers/nomad/models/index.rst:822: WARNING: Definition list ends without a blank line; unexpected unindent. [docutils]
/home/judit/tech/workspace/vfs_airflow_share/workspace_airflow/airflow_doc_gen/providers/nomad/docs/_api/airflow/providers/nomad/models/index.rst:833: WARNING: Definition list ends without a blank line; unexpected unindent. [docutils]
/home/judit/tech/workspace/vfs_airflow_share/workspace_airflow/airflow_doc_gen/providers/nomad/docs/_api/airflow/providers/nomad/models/index.rst:942: ERROR: Unexpected indentation. [docutils]
/home/judit/tech/workspace/vfs_airflow_share/workspace_airflow/airflow_doc_gen/providers/nomad/docs/_api/airflow/providers/nomad/models/index.rst:943: WARNING: Block quote ends without a blank line; unexpected unindent. [docutils]
/home/judit/tech/workspace/vfs_airflow_share/workspace_airflow/airflow_doc_gen/providers/nomad/docs/_api/airflow/providers/nomad/models/index.rst:945: WARNING: Definition list ends without a blank line; unexpected unindent. [docutils]
/home/judit/tech/workspace/vfs_airflow_share/workspace_airflow/airflow_doc_gen/providers/nomad/docs/_api/airflow/providers/nomad/models/index.rst:956: WARNING: Definition list ends without a blank line; unexpected unindent. [docutils]
/home/judit/tech/workspace/vfs_airflow_share/workspace_airflow/airflow_doc_gen/providers/nomad/docs/_api/airflow/providers/nomad/models/index.rst:1071: ERROR: Unexpected indentation. [docutils]
/home/judit/tech/workspace/vfs_airflow_share/workspace_airflow/airflow_doc_gen/providers/nomad/docs/_api/airflow/providers/nomad/models/index.rst:1072: WARNING: Block quote ends without a blank line; unexpected unindent. [docutils]
/home/judit/tech/workspace/vfs_airflow_share/workspace_airflow/airflow_doc_gen/providers/nomad/docs/_api/airflow/providers/nomad/models/index.rst:1074: WARNING: Definition list ends without a blank line; unexpected unindent. [docutils]
/home/judit/tech/workspace/vfs_airflow_share/workspace_airflow/airflow_doc_gen/providers/nomad/docs/_api/airflow/providers/nomad/models/index.rst:1085: WARNING: Definition list ends without a blank line; unexpected unindent. [docutils]
/home/judit/tech/workspace/vfs_airflow_share/workspace_airflow/airflow_doc_gen/providers/nomad/docs/_api/airflow/providers/nomad/models/index.rst:1154: ERROR: Unexpected indentation. [docutils]
/home/judit/tech/workspace/vfs_airflow_share/workspace_airflow/airflow_doc_gen/providers/nomad/docs/_api/airflow/providers/nomad/models/index.rst:1155: WARNING: Block quote ends without a blank line; unexpected unindent. [docutils]
/home/judit/tech/workspace/vfs_airflow_share/workspace_airflow/airflow_doc_gen/providers/nomad/docs/_api/airflow/providers/nomad/models/index.rst:1157: WARNING: Definition list ends without a blank line; unexpected unindent. [docutils]
/home/judit/tech/workspace/vfs_airflow_share/workspace_airflow/airflow_doc_gen/providers/nomad/docs/_api/airflow/providers/nomad/models/index.rst:1168: WARNING: Definition list ends without a blank line; unexpected unindent. [docutils]
/home/judit/tech/workspace/vfs_airflow_share/workspace_airflow/airflow_doc_gen/providers/nomad/docs/_api/airflow/providers/nomad/models/index.rst:1287: ERROR: Unexpected indentation. [docutils]
/home/judit/tech/workspace/vfs_airflow_share/workspace_airflow/airflow_doc_gen/providers/nomad/docs/_api/airflow/providers/nomad/models/index.rst:1288: WARNING: Block quote ends without a blank line; unexpected unindent. [docutils]
/home/judit/tech/workspace/vfs_airflow_share/workspace_airflow/airflow_doc_gen/providers/nomad/docs/_api/airflow/providers/nomad/models/index.rst:1290: WARNING: Definition list ends without a blank line; unexpected unindent. [docutils]
/home/judit/tech/workspace/vfs_airflow_share/workspace_airflow/airflow_doc_gen/providers/nomad/docs/_api/airflow/providers/nomad/models/index.rst:1301: WARNING: Definition list ends without a blank line; unexpected unindent. [docutils]
/home/judit/tech/workspace/vfs_airflow_share/workspace_airflow/airflow_doc_gen/providers/nomad/docs/_api/airflow/providers/nomad/models/index.rst:1342: ERROR: Unexpected indentation. [docutils]
/home/judit/tech/workspace/vfs_airflow_share/workspace_airflow/airflow_doc_gen/providers/nomad/docs/_api/airflow/providers/nomad/models/index.rst:1343: WARNING: Block quote ends without a blank line; unexpected unindent. [docutils]
/home/judit/tech/workspace/vfs_airflow_share/workspace_airflow/airflow_doc_gen/providers/nomad/docs/_api/airflow/providers/nomad/models/index.rst:1345: WARNING: Definition list ends without a blank line; unexpected unindent. [docutils]
/home/judit/tech/workspace/vfs_airflow_share/workspace_airflow/airflow_doc_gen/providers/nomad/docs/_api/airflow/providers/nomad/models/index.rst:1356: WARNING: Definition list ends without a blank line; unexpected unindent. [docutils]
/home/judit/tech/workspace/vfs_airflow_share/workspace_airflow/airflow_doc_gen/providers/nomad/docs/_api/airflow/providers/nomad/models/index.rst:1449: ERROR: Unexpected indentation. [docutils]
/home/judit/tech/workspace/vfs_airflow_share/workspace_airflow/airflow_doc_gen/providers/nomad/docs/_api/airflow/providers/nomad/models/index.rst:1450: WARNING: Block quote ends without a blank line; unexpected unindent. [docutils]
/home/judit/tech/workspace/vfs_airflow_share/workspace_airflow/airflow_doc_gen/providers/nomad/docs/_api/airflow/providers/nomad/models/index.rst:1452: WARNING: Definition list ends without a blank line; unexpected unindent. [docutils]
/home/judit/tech/workspace/vfs_airflow_share/workspace_airflow/airflow_doc_gen/providers/nomad/docs/_api/airflow/providers/nomad/models/index.rst:1463: WARNING: Definition list ends without a blank line; unexpected unindent. [docutils]
/home/judit/tech/workspace/vfs_airflow_share/workspace_airflow/airflow_doc_gen/providers/nomad/docs/_api/airflow/providers/nomad/models/index.rst:1498: ERROR: Unexpected indentation. [docutils]
/home/judit/tech/workspace/vfs_airflow_share/workspace_airflow/airflow_doc_gen/providers/nomad/docs/_api/airflow/providers/nomad/models/index.rst:1499: WARNING: Block quote ends without a blank line; unexpected unindent. [docutils]
/home/judit/tech/workspace/vfs_airflow_share/workspace_airflow/airflow_doc_gen/providers/nomad/docs/_api/airflow/providers/nomad/models/index.rst:1501: WARNING: Definition list ends without a blank line; unexpected unindent. [docutils]
/home/judit/tech/workspace/vfs_airflow_share/workspace_airflow/airflow_doc_gen/providers/nomad/docs/_api/airflow/providers/nomad/models/index.rst:1512: WARNING: Definition list ends without a blank line; unexpected unindent. [docutils]
/home/judit/tech/workspace/vfs_airflow_share/workspace_airflow/airflow_doc_gen/providers/nomad/docs/_api/airflow/providers/nomad/models/index.rst:1563: ERROR: Unexpected indentation. [docutils]
/home/judit/tech/workspace/vfs_airflow_share/workspace_airflow/airflow_doc_gen/providers/nomad/docs/_api/airflow/providers/nomad/models/index.rst:1564: WARNING: Block quote ends without a blank line; unexpected unindent. [docutils]
/home/judit/tech/workspace/vfs_airflow_share/workspace_airflow/airflow_doc_gen/providers/nomad/docs/_api/airflow/providers/nomad/models/index.rst:1566: WARNING: Definition list ends without a blank line; unexpected unindent. [docutils]
/home/judit/tech/workspace/vfs_airflow_share/workspace_airflow/airflow_doc_gen/providers/nomad/docs/_api/airflow/providers/nomad/models/index.rst:1577: WARNING: Definition list ends without a blank line; unexpected unindent. [docutils]
/home/judit/tech/workspace/vfs_airflow_share/workspace_airflow/airflow_doc_gen/providers/nomad/docs/nomad_task_operator.rst:85: WARNING: duplicate label examples-label, other instance in /home/judit/tech/workspace/vfs_airflow_share/workspace_airflow/airflow_doc_gen/providers/nomad/docs/nomad_python_task_operator.rst
/home/judit/tech/workspace/vfs_airflow_share/workspace_airflow/airflow_doc_gen/providers/nomad/docs/shared/parameters_task_resources.rst:10: ERROR: Unknown target name: "examples". [docutils]
/home/judit/tech/workspace/vfs_airflow_share/workspace_airflow/airflow_doc_gen/providers/nomad/docs/shared/parameters_task_resources.rst:12: ERROR: Unknown target name: "examples". [docutils]
/home/judit/tech/workspace/vfs_airflow_share/workspace_airflow/airflow_doc_gen/providers/nomad/docs/_api/airflow/providers/nomad/index.rst: WARNING: document isn't included in any toctree [toc.not_included]
/home/judit/tech/workspace/vfs_airflow_share/workspace_airflow/airflow_doc_gen/providers/nomad/docs/_api/airflow/providers/nomad/templates/job_template/index.rst: WARNING: document isn't included in any toctree [toc.not_included]
/home/judit/tech/workspace/vfs_airflow_share/workspace_airflow/airflow_doc_gen/providers/nomad/docs/_api/airflow/providers/nomad/templates/nomad_job_template/index.rst: WARNING: document isn't included in any toctree [toc.not_included]
/home/judit/tech/workspace/vfs_airflow_share/workspace_airflow/airflow_doc_gen/providers/nomad/docs/_api/tests/system/nomad/index.rst: WARNING: document isn't included in any toctree [toc.not_included]
/home/judit/tech/workspace/vfs_airflow_share/workspace_airflow/airflow_doc_gen/providers/nomad/docs/configurations-ref.rst: WARNING: document isn't included in any toctree [toc.not_included]
/home/judit/tech/workspace/vfs_airflow_share/workspace_airflow/airflow_doc_gen/providers/nomad/docs/known_issues.rst: WARNING: document isn't included in any toctree [toc.not_included]
/home/judit/tech/workspace/vfs_airflow_share/workspace_airflow/airflow_doc_gen/providers/nomad/docs/modules.rst: WARNING: document isn't included in any toctree [toc.not_included]
/home/judit/tech/workspace/vfs_airflow_share/workspace_airflow/airflow_doc_gen/providers/nomad/docs/security.rst: WARNING: document isn't included in any toctree [toc.not_included]
/home/judit/tech/workspace/vfs_airflow_share/workspace_airflow/airflow_doc_gen/providers/nomad/docs/nomad_executor.rst:88: WARNING: Lexing literal_block 'client {\n  host_volume "config" {\n    path      = "<server_path>/<runner_space>/config"\n    read_only = true\n  }\n\n  host_volume "dags" {\n    path      = "<server_path>/dags/"\n    read_only = true\n  }\n}' as "hcl" resulted in an error at token: 'h'. Retrying in relaxed mode. [misc.highlighting_failure]
/home/judit/tech/workspace/vfs_airflow_share/workspace_airflow/airflow_doc_gen/providers/nomad/docs/nomad_executor.rst:313: WARNING: Lexing literal_block 'client {\n  host_volume "config" {\n    path      = "<server_path>/<runner_space>/config"\n    read_only = true\n  }\n\n  host_volume "dags" {\n    path      = "<server_path>/dags/"\n    read_only = true\n  }\n}\n\n# Require TLS\n\ntls {\n  http = true\n  rpc  = true\n\n  ca_file   = "certs/nomad-agent-ca.pem"\n  cert_file = "certs/global-client-nomad.pem"\n  key_file  = "certs/global-client-nomad-key.pem"\n\n  verify_server_hostname = false\n  verify_https_client    = false\n}' as "hcl" resulted in an error at token: 'h'. Retrying in relaxed mode. [misc.highlighting_failure]
/home/judit/tech/workspace/vfs_airflow_share/workspace_airflow/airflow_doc_gen/providers/nomad/docs/nomad_executor.rst:392: WARNING: Pygments lexer name 'airflow.cfg' is not known [misc.highlighting_failure]
/home/judit/tech/workspace/vfs_airflow_share/workspace_airflow/airflow_doc_gen/providers/nomad/docs/nomad_executor.rst:404: WARNING: Pygments lexer name 'airflow.cfg' is not known [misc.highlighting_failure]
/home/judit/tech/workspace/vfs_airflow_share/workspace_airflow/airflow_doc_gen/providers/nomad/docs/shared/task_intro_warning.rst:7: WARNING: undefined label: 'examples' [ref.ref]
/home/judit/tech/workspace/vfs_airflow_share/workspace_airflow/airflow_doc_gen/providers/nomad/docs/shared/task_intro_warning.rst:7: WARNING: undefined label: 'examples' [ref.ref]
/home/judit/tech/workspace/vfs_airflow_share/workspace_airflow/airflow_doc_gen/providers/nomad/docs/shared/task_intro_warning.rst:7: WARNING: undefined label: 'examples' [ref.ref]
/home/judit/tech/workspace/vfs_airflow_share/workspace_airflow/airflow_doc_gen/providers/nomad/docs/shared/task_intro_warning.rst:7: WARNING: undefined label: 'examples' [ref.ref]
