/home/devel/share/workspace_airflow/airflow/providers/nomad/docs/_api/airflow/providers/nomad/models/index.rst:181: ERROR: Unexpected indentation. [docutils]
/home/devel/share/workspace_airflow/airflow/providers/nomad/docs/_api/airflow/providers/nomad/models/index.rst:182: WARNING: Block quote ends without a blank line; unexpected unindent. [docutils]
/home/devel/share/workspace_airflow/airflow/providers/nomad/docs/_api/airflow/providers/nomad/models/index.rst:184: WARNING: Definition list ends without a blank line; unexpected unindent. [docutils]
/home/devel/share/workspace_airflow/airflow/providers/nomad/docs/_api/airflow/providers/nomad/models/index.rst:195: WARNING: Definition list ends without a blank line; unexpected unindent. [docutils]
/home/devel/share/workspace_airflow/airflow/providers/nomad/docs/_api/airflow/providers/nomad/models/index.rst:275: ERROR: Unexpected indentation. [docutils]
/home/devel/share/workspace_airflow/airflow/providers/nomad/docs/_api/airflow/providers/nomad/models/index.rst:276: WARNING: Block quote ends without a blank line; unexpected unindent. [docutils]
/home/devel/share/workspace_airflow/airflow/providers/nomad/docs/_api/airflow/providers/nomad/models/index.rst:278: WARNING: Definition list ends without a blank line; unexpected unindent. [docutils]
/home/devel/share/workspace_airflow/airflow/providers/nomad/docs/_api/airflow/providers/nomad/models/index.rst:289: WARNING: Definition list ends without a blank line; unexpected unindent. [docutils]
/home/devel/share/workspace_airflow/airflow/providers/nomad/docs/_api/airflow/providers/nomad/models/index.rst:330: ERROR: Unexpected indentation. [docutils]
/home/devel/share/workspace_airflow/airflow/providers/nomad/docs/_api/airflow/providers/nomad/models/index.rst:331: WARNING: Block quote ends without a blank line; unexpected unindent. [docutils]
/home/devel/share/workspace_airflow/airflow/providers/nomad/docs/_api/airflow/providers/nomad/models/index.rst:333: WARNING: Definition list ends without a blank line; unexpected unindent. [docutils]
/home/devel/share/workspace_airflow/airflow/providers/nomad/docs/_api/airflow/providers/nomad/models/index.rst:344: WARNING: Definition list ends without a blank line; unexpected unindent. [docutils]
/home/devel/share/workspace_airflow/airflow/providers/nomad/docs/_api/airflow/providers/nomad/models/index.rst:400: ERROR: Unexpected indentation. [docutils]
/home/devel/share/workspace_airflow/airflow/providers/nomad/docs/_api/airflow/providers/nomad/models/index.rst:401: WARNING: Block quote ends without a blank line; unexpected unindent. [docutils]
/home/devel/share/workspace_airflow/airflow/providers/nomad/docs/_api/airflow/providers/nomad/models/index.rst:403: WARNING: Definition list ends without a blank line; unexpected unindent. [docutils]
/home/devel/share/workspace_airflow/airflow/providers/nomad/docs/_api/airflow/providers/nomad/models/index.rst:414: WARNING: Definition list ends without a blank line; unexpected unindent. [docutils]
/home/devel/share/workspace_airflow/airflow/providers/nomad/docs/_api/airflow/providers/nomad/models/index.rst:491: ERROR: Unexpected indentation. [docutils]
/home/devel/share/workspace_airflow/airflow/providers/nomad/docs/_api/airflow/providers/nomad/models/index.rst:492: WARNING: Block quote ends without a blank line; unexpected unindent. [docutils]
/home/devel/share/workspace_airflow/airflow/providers/nomad/docs/_api/airflow/providers/nomad/models/index.rst:494: WARNING: Definition list ends without a blank line; unexpected unindent. [docutils]
/home/devel/share/workspace_airflow/airflow/providers/nomad/docs/_api/airflow/providers/nomad/models/index.rst:505: WARNING: Definition list ends without a blank line; unexpected unindent. [docutils]
/home/devel/share/workspace_airflow/airflow/providers/nomad/docs/_api/airflow/providers/nomad/models/index.rst:565: ERROR: Unexpected indentation. [docutils]
/home/devel/share/workspace_airflow/airflow/providers/nomad/docs/_api/airflow/providers/nomad/models/index.rst:566: WARNING: Block quote ends without a blank line; unexpected unindent. [docutils]
/home/devel/share/workspace_airflow/airflow/providers/nomad/docs/_api/airflow/providers/nomad/models/index.rst:568: WARNING: Definition list ends without a blank line; unexpected unindent. [docutils]
/home/devel/share/workspace_airflow/airflow/providers/nomad/docs/_api/airflow/providers/nomad/models/index.rst:579: WARNING: Definition list ends without a blank line; unexpected unindent. [docutils]
/home/devel/share/workspace_airflow/airflow/providers/nomad/docs/_api/airflow/providers/nomad/models/index.rst:638: ERROR: Unexpected indentation. [docutils]
/home/devel/share/workspace_airflow/airflow/providers/nomad/docs/_api/airflow/providers/nomad/models/index.rst:639: WARNING: Block quote ends without a blank line; unexpected unindent. [docutils]
/home/devel/share/workspace_airflow/airflow/providers/nomad/docs/_api/airflow/providers/nomad/models/index.rst:641: WARNING: Definition list ends without a blank line; unexpected unindent. [docutils]
/home/devel/share/workspace_airflow/airflow/providers/nomad/docs/_api/airflow/providers/nomad/models/index.rst:652: WARNING: Definition list ends without a blank line; unexpected unindent. [docutils]
/home/devel/share/workspace_airflow/airflow/providers/nomad/docs/_api/airflow/providers/nomad/models/index.rst:707: ERROR: Unexpected indentation. [docutils]
/home/devel/share/workspace_airflow/airflow/providers/nomad/docs/_api/airflow/providers/nomad/models/index.rst:708: WARNING: Block quote ends without a blank line; unexpected unindent. [docutils]
/home/devel/share/workspace_airflow/airflow/providers/nomad/docs/_api/airflow/providers/nomad/models/index.rst:710: WARNING: Definition list ends without a blank line; unexpected unindent. [docutils]
/home/devel/share/workspace_airflow/airflow/providers/nomad/docs/_api/airflow/providers/nomad/models/index.rst:721: WARNING: Definition list ends without a blank line; unexpected unindent. [docutils]
/home/devel/share/workspace_airflow/airflow/providers/nomad/docs/_api/airflow/providers/nomad/models/index.rst:772: ERROR: Unexpected indentation. [docutils]
/home/devel/share/workspace_airflow/airflow/providers/nomad/docs/_api/airflow/providers/nomad/models/index.rst:773: WARNING: Block quote ends without a blank line; unexpected unindent. [docutils]
/home/devel/share/workspace_airflow/airflow/providers/nomad/docs/_api/airflow/providers/nomad/models/index.rst:775: WARNING: Definition list ends without a blank line; unexpected unindent. [docutils]
/home/devel/share/workspace_airflow/airflow/providers/nomad/docs/_api/airflow/providers/nomad/models/index.rst:786: WARNING: Definition list ends without a blank line; unexpected unindent. [docutils]
/home/devel/share/workspace_airflow/airflow/providers/nomad/docs/_api/airflow/providers/nomad/models/index.rst:822: ERROR: Unexpected indentation. [docutils]
/home/devel/share/workspace_airflow/airflow/providers/nomad/docs/_api/airflow/providers/nomad/models/index.rst:823: WARNING: Block quote ends without a blank line; unexpected unindent. [docutils]
/home/devel/share/workspace_airflow/airflow/providers/nomad/docs/_api/airflow/providers/nomad/models/index.rst:825: WARNING: Definition list ends without a blank line; unexpected unindent. [docutils]
/home/devel/share/workspace_airflow/airflow/providers/nomad/docs/_api/airflow/providers/nomad/models/index.rst:836: WARNING: Definition list ends without a blank line; unexpected unindent. [docutils]
/home/devel/share/workspace_airflow/airflow/providers/nomad/docs/_api/airflow/providers/nomad/models/index.rst:945: ERROR: Unexpected indentation. [docutils]
/home/devel/share/workspace_airflow/airflow/providers/nomad/docs/_api/airflow/providers/nomad/models/index.rst:946: WARNING: Block quote ends without a blank line; unexpected unindent. [docutils]
/home/devel/share/workspace_airflow/airflow/providers/nomad/docs/_api/airflow/providers/nomad/models/index.rst:948: WARNING: Definition list ends without a blank line; unexpected unindent. [docutils]
/home/devel/share/workspace_airflow/airflow/providers/nomad/docs/_api/airflow/providers/nomad/models/index.rst:959: WARNING: Definition list ends without a blank line; unexpected unindent. [docutils]
/home/devel/share/workspace_airflow/airflow/providers/nomad/docs/_api/airflow/providers/nomad/models/index.rst:1074: ERROR: Unexpected indentation. [docutils]
/home/devel/share/workspace_airflow/airflow/providers/nomad/docs/_api/airflow/providers/nomad/models/index.rst:1075: WARNING: Block quote ends without a blank line; unexpected unindent. [docutils]
/home/devel/share/workspace_airflow/airflow/providers/nomad/docs/_api/airflow/providers/nomad/models/index.rst:1077: WARNING: Definition list ends without a blank line; unexpected unindent. [docutils]
/home/devel/share/workspace_airflow/airflow/providers/nomad/docs/_api/airflow/providers/nomad/models/index.rst:1088: WARNING: Definition list ends without a blank line; unexpected unindent. [docutils]
/home/devel/share/workspace_airflow/airflow/providers/nomad/docs/_api/airflow/providers/nomad/models/index.rst:1157: ERROR: Unexpected indentation. [docutils]
/home/devel/share/workspace_airflow/airflow/providers/nomad/docs/_api/airflow/providers/nomad/models/index.rst:1158: WARNING: Block quote ends without a blank line; unexpected unindent. [docutils]
/home/devel/share/workspace_airflow/airflow/providers/nomad/docs/_api/airflow/providers/nomad/models/index.rst:1160: WARNING: Definition list ends without a blank line; unexpected unindent. [docutils]
/home/devel/share/workspace_airflow/airflow/providers/nomad/docs/_api/airflow/providers/nomad/models/index.rst:1171: WARNING: Definition list ends without a blank line; unexpected unindent. [docutils]
/home/devel/share/workspace_airflow/airflow/providers/nomad/docs/_api/airflow/providers/nomad/models/index.rst:1290: ERROR: Unexpected indentation. [docutils]
/home/devel/share/workspace_airflow/airflow/providers/nomad/docs/_api/airflow/providers/nomad/models/index.rst:1291: WARNING: Block quote ends without a blank line; unexpected unindent. [docutils]
/home/devel/share/workspace_airflow/airflow/providers/nomad/docs/_api/airflow/providers/nomad/models/index.rst:1293: WARNING: Definition list ends without a blank line; unexpected unindent. [docutils]
/home/devel/share/workspace_airflow/airflow/providers/nomad/docs/_api/airflow/providers/nomad/models/index.rst:1304: WARNING: Definition list ends without a blank line; unexpected unindent. [docutils]
/home/devel/share/workspace_airflow/airflow/providers/nomad/docs/_api/airflow/providers/nomad/models/index.rst:1345: ERROR: Unexpected indentation. [docutils]
/home/devel/share/workspace_airflow/airflow/providers/nomad/docs/_api/airflow/providers/nomad/models/index.rst:1346: WARNING: Block quote ends without a blank line; unexpected unindent. [docutils]
/home/devel/share/workspace_airflow/airflow/providers/nomad/docs/_api/airflow/providers/nomad/models/index.rst:1348: WARNING: Definition list ends without a blank line; unexpected unindent. [docutils]
/home/devel/share/workspace_airflow/airflow/providers/nomad/docs/_api/airflow/providers/nomad/models/index.rst:1359: WARNING: Definition list ends without a blank line; unexpected unindent. [docutils]
/home/devel/share/workspace_airflow/airflow/providers/nomad/docs/_api/airflow/providers/nomad/models/index.rst:1452: ERROR: Unexpected indentation. [docutils]
/home/devel/share/workspace_airflow/airflow/providers/nomad/docs/_api/airflow/providers/nomad/models/index.rst:1453: WARNING: Block quote ends without a blank line; unexpected unindent. [docutils]
/home/devel/share/workspace_airflow/airflow/providers/nomad/docs/_api/airflow/providers/nomad/models/index.rst:1455: WARNING: Definition list ends without a blank line; unexpected unindent. [docutils]
/home/devel/share/workspace_airflow/airflow/providers/nomad/docs/_api/airflow/providers/nomad/models/index.rst:1466: WARNING: Definition list ends without a blank line; unexpected unindent. [docutils]
/home/devel/share/workspace_airflow/airflow/providers/nomad/docs/_api/airflow/providers/nomad/models/index.rst:1501: ERROR: Unexpected indentation. [docutils]
/home/devel/share/workspace_airflow/airflow/providers/nomad/docs/_api/airflow/providers/nomad/models/index.rst:1502: WARNING: Block quote ends without a blank line; unexpected unindent. [docutils]
/home/devel/share/workspace_airflow/airflow/providers/nomad/docs/_api/airflow/providers/nomad/models/index.rst:1504: WARNING: Definition list ends without a blank line; unexpected unindent. [docutils]
/home/devel/share/workspace_airflow/airflow/providers/nomad/docs/_api/airflow/providers/nomad/models/index.rst:1515: WARNING: Definition list ends without a blank line; unexpected unindent. [docutils]
/home/devel/share/workspace_airflow/airflow/providers/nomad/docs/_api/airflow/providers/nomad/models/index.rst:1566: ERROR: Unexpected indentation. [docutils]
/home/devel/share/workspace_airflow/airflow/providers/nomad/docs/_api/airflow/providers/nomad/models/index.rst:1567: WARNING: Block quote ends without a blank line; unexpected unindent. [docutils]
/home/devel/share/workspace_airflow/airflow/providers/nomad/docs/_api/airflow/providers/nomad/models/index.rst:1569: WARNING: Definition list ends without a blank line; unexpected unindent. [docutils]
/home/devel/share/workspace_airflow/airflow/providers/nomad/docs/_api/airflow/providers/nomad/models/index.rst:1580: WARNING: Definition list ends without a blank line; unexpected unindent. [docutils]
/home/devel/share/workspace_airflow/airflow/providers/nomad/docs/_api/airflow/providers/nomad/index.rst: WARNING: document isn't included in any toctree [toc.not_included]
/home/devel/share/workspace_airflow/airflow/providers/nomad/docs/_api/airflow/providers/nomad/templates/job_template/index.rst: WARNING: document isn't included in any toctree [toc.not_included]
/home/devel/share/workspace_airflow/airflow/providers/nomad/docs/_api/airflow/providers/nomad/templates/nomad_job_template/index.rst: WARNING: document isn't included in any toctree [toc.not_included]
/home/devel/share/workspace_airflow/airflow/providers/nomad/docs/_api/tests/system/nomad/dags/home/devel/share/workspace_airflow/nomad_provider/tests/system/nomad/test_dag_trigger/index.rst: WARNING: document isn't included in any toctree [toc.not_included]
/home/devel/share/workspace_airflow/airflow/providers/nomad/docs/_api/tests/system/nomad/index.rst: WARNING: document isn't included in any toctree [toc.not_included]
/home/devel/share/workspace_airflow/airflow/providers/nomad/docs/configurations-ref.rst: WARNING: document isn't included in any toctree [toc.not_included]
/home/devel/share/workspace_airflow/airflow/providers/nomad/docs/known_issues.rst: WARNING: document isn't included in any toctree [toc.not_included]
/home/devel/share/workspace_airflow/airflow/providers/nomad/docs/security.rst: WARNING: document isn't included in any toctree [toc.not_included]
/home/devel/share/workspace_airflow/airflow/providers/nomad/docs/nomad_executor.rst:47: WARNING: Lexing literal_block 'client {\n  host_volume "config" {\n    path      = "<server_path>/<runner_space>/config"\n    read_only = true\n  }\n\n  host_volume "dags" {\n    path      = "<server_path>/dags/"\n    read_only = true\n  }\n}' as "hcl" resulted in an error at token: 'h'. Retrying in relaxed mode. [misc.highlighting_failure]
/home/devel/share/workspace_airflow/airflow/providers/nomad/docs/nomad_executor.rst:222: WARNING: Lexing literal_block 'client {\n  host_volume "config" {\n    path      = "<server_path>/<runner_space>/config"\n    read_only = true\n  }\n\n  host_volume "dags" {\n    path      = "<server_path>/dags/"\n    read_only = true\n  }\n}\n\n# Require TLS\n\ntls {\n  http = true\n  rpc  = true\n\n  ca_file   = "certs/nomad-agent-ca.pem"\n  cert_file = "certs/global-client-nomad.pem"\n  key_file  = "certs/global-client-nomad-key.pem"\n\n  verify_server_hostname = false\n  verify_https_client    = false\n}' as "hcl" resulted in an error at token: 'h'. Retrying in relaxed mode. [misc.highlighting_failure]
