WARNING: Unknown type: placeholder
/home/devel/share/workspace_airflow/airflow_doc_gen_360/providers/nomad/docs/_api/airflow/providers/nomad/models/index.rst:171: ERROR: Unexpected indentation. [docutils]
/home/devel/share/workspace_airflow/airflow_doc_gen_360/providers/nomad/docs/_api/airflow/providers/nomad/models/index.rst:172: WARNING: Block quote ends without a blank line; unexpected unindent. [docutils]
/home/devel/share/workspace_airflow/airflow_doc_gen_360/providers/nomad/docs/_api/airflow/providers/nomad/models/index.rst:174: WARNING: Definition list ends without a blank line; unexpected unindent. [docutils]
/home/devel/share/workspace_airflow/airflow_doc_gen_360/providers/nomad/docs/_api/airflow/providers/nomad/models/index.rst:185: WARNING: Definition list ends without a blank line; unexpected unindent. [docutils]
/home/devel/share/workspace_airflow/airflow_doc_gen_360/providers/nomad/docs/_api/airflow/providers/nomad/models/index.rst:226: ERROR: Unexpected indentation. [docutils]
/home/devel/share/workspace_airflow/airflow_doc_gen_360/providers/nomad/docs/_api/airflow/providers/nomad/models/index.rst:227: WARNING: Block quote ends without a blank line; unexpected unindent. [docutils]
/home/devel/share/workspace_airflow/airflow_doc_gen_360/providers/nomad/docs/_api/airflow/providers/nomad/models/index.rst:229: WARNING: Definition list ends without a blank line; unexpected unindent. [docutils]
/home/devel/share/workspace_airflow/airflow_doc_gen_360/providers/nomad/docs/_api/airflow/providers/nomad/models/index.rst:240: WARNING: Definition list ends without a blank line; unexpected unindent. [docutils]
/home/devel/share/workspace_airflow/airflow_doc_gen_360/providers/nomad/docs/_api/airflow/providers/nomad/models/index.rst:296: ERROR: Unexpected indentation. [docutils]
/home/devel/share/workspace_airflow/airflow_doc_gen_360/providers/nomad/docs/_api/airflow/providers/nomad/models/index.rst:297: WARNING: Block quote ends without a blank line; unexpected unindent. [docutils]
/home/devel/share/workspace_airflow/airflow_doc_gen_360/providers/nomad/docs/_api/airflow/providers/nomad/models/index.rst:299: WARNING: Definition list ends without a blank line; unexpected unindent. [docutils]
/home/devel/share/workspace_airflow/airflow_doc_gen_360/providers/nomad/docs/_api/airflow/providers/nomad/models/index.rst:310: WARNING: Definition list ends without a blank line; unexpected unindent. [docutils]
/home/devel/share/workspace_airflow/airflow_doc_gen_360/providers/nomad/docs/_api/airflow/providers/nomad/models/index.rst:363: ERROR: Unexpected indentation. [docutils]
/home/devel/share/workspace_airflow/airflow_doc_gen_360/providers/nomad/docs/_api/airflow/providers/nomad/models/index.rst:364: WARNING: Block quote ends without a blank line; unexpected unindent. [docutils]
/home/devel/share/workspace_airflow/airflow_doc_gen_360/providers/nomad/docs/_api/airflow/providers/nomad/models/index.rst:366: WARNING: Definition list ends without a blank line; unexpected unindent. [docutils]
/home/devel/share/workspace_airflow/airflow_doc_gen_360/providers/nomad/docs/_api/airflow/providers/nomad/models/index.rst:377: WARNING: Definition list ends without a blank line; unexpected unindent. [docutils]
/home/devel/share/workspace_airflow/airflow_doc_gen_360/providers/nomad/docs/_api/airflow/providers/nomad/models/index.rst:420: ERROR: Unexpected indentation. [docutils]
/home/devel/share/workspace_airflow/airflow_doc_gen_360/providers/nomad/docs/_api/airflow/providers/nomad/models/index.rst:421: WARNING: Block quote ends without a blank line; unexpected unindent. [docutils]
/home/devel/share/workspace_airflow/airflow_doc_gen_360/providers/nomad/docs/_api/airflow/providers/nomad/models/index.rst:423: WARNING: Definition list ends without a blank line; unexpected unindent. [docutils]
/home/devel/share/workspace_airflow/airflow_doc_gen_360/providers/nomad/docs/_api/airflow/providers/nomad/models/index.rst:434: WARNING: Definition list ends without a blank line; unexpected unindent. [docutils]
/home/devel/share/workspace_airflow/airflow_doc_gen_360/providers/nomad/docs/_api/airflow/providers/nomad/models/index.rst:485: ERROR: Unexpected indentation. [docutils]
/home/devel/share/workspace_airflow/airflow_doc_gen_360/providers/nomad/docs/_api/airflow/providers/nomad/models/index.rst:486: WARNING: Block quote ends without a blank line; unexpected unindent. [docutils]
/home/devel/share/workspace_airflow/airflow_doc_gen_360/providers/nomad/docs/_api/airflow/providers/nomad/models/index.rst:488: WARNING: Definition list ends without a blank line; unexpected unindent. [docutils]
/home/devel/share/workspace_airflow/airflow_doc_gen_360/providers/nomad/docs/_api/airflow/providers/nomad/models/index.rst:499: WARNING: Definition list ends without a blank line; unexpected unindent. [docutils]
/home/devel/share/workspace_airflow/airflow_doc_gen_360/providers/nomad/docs/_api/airflow/providers/nomad/models/index.rst:535: ERROR: Unexpected indentation. [docutils]
/home/devel/share/workspace_airflow/airflow_doc_gen_360/providers/nomad/docs/_api/airflow/providers/nomad/models/index.rst:536: WARNING: Block quote ends without a blank line; unexpected unindent. [docutils]
/home/devel/share/workspace_airflow/airflow_doc_gen_360/providers/nomad/docs/_api/airflow/providers/nomad/models/index.rst:538: WARNING: Definition list ends without a blank line; unexpected unindent. [docutils]
/home/devel/share/workspace_airflow/airflow_doc_gen_360/providers/nomad/docs/_api/airflow/providers/nomad/models/index.rst:549: WARNING: Definition list ends without a blank line; unexpected unindent. [docutils]
/home/devel/share/workspace_airflow/airflow_doc_gen_360/providers/nomad/docs/_api/airflow/providers/nomad/models/index.rst:658: ERROR: Unexpected indentation. [docutils]
/home/devel/share/workspace_airflow/airflow_doc_gen_360/providers/nomad/docs/_api/airflow/providers/nomad/models/index.rst:659: WARNING: Block quote ends without a blank line; unexpected unindent. [docutils]
/home/devel/share/workspace_airflow/airflow_doc_gen_360/providers/nomad/docs/_api/airflow/providers/nomad/models/index.rst:661: WARNING: Definition list ends without a blank line; unexpected unindent. [docutils]
/home/devel/share/workspace_airflow/airflow_doc_gen_360/providers/nomad/docs/_api/airflow/providers/nomad/models/index.rst:672: WARNING: Definition list ends without a blank line; unexpected unindent. [docutils]
/home/devel/share/workspace_airflow/airflow_doc_gen_360/providers/nomad/docs/_api/airflow/providers/nomad/models/index.rst:787: ERROR: Unexpected indentation. [docutils]
/home/devel/share/workspace_airflow/airflow_doc_gen_360/providers/nomad/docs/_api/airflow/providers/nomad/models/index.rst:788: WARNING: Block quote ends without a blank line; unexpected unindent. [docutils]
/home/devel/share/workspace_airflow/airflow_doc_gen_360/providers/nomad/docs/_api/airflow/providers/nomad/models/index.rst:790: WARNING: Definition list ends without a blank line; unexpected unindent. [docutils]
/home/devel/share/workspace_airflow/airflow_doc_gen_360/providers/nomad/docs/_api/airflow/providers/nomad/models/index.rst:801: WARNING: Definition list ends without a blank line; unexpected unindent. [docutils]
/home/devel/share/workspace_airflow/airflow_doc_gen_360/providers/nomad/docs/_api/airflow/providers/nomad/models/index.rst:870: ERROR: Unexpected indentation. [docutils]
/home/devel/share/workspace_airflow/airflow_doc_gen_360/providers/nomad/docs/_api/airflow/providers/nomad/models/index.rst:871: WARNING: Block quote ends without a blank line; unexpected unindent. [docutils]
/home/devel/share/workspace_airflow/airflow_doc_gen_360/providers/nomad/docs/_api/airflow/providers/nomad/models/index.rst:873: WARNING: Definition list ends without a blank line; unexpected unindent. [docutils]
/home/devel/share/workspace_airflow/airflow_doc_gen_360/providers/nomad/docs/_api/airflow/providers/nomad/models/index.rst:884: WARNING: Definition list ends without a blank line; unexpected unindent. [docutils]
/home/devel/share/workspace_airflow/airflow_doc_gen_360/providers/nomad/docs/_api/airflow/providers/nomad/models/index.rst:1003: ERROR: Unexpected indentation. [docutils]
/home/devel/share/workspace_airflow/airflow_doc_gen_360/providers/nomad/docs/_api/airflow/providers/nomad/models/index.rst:1004: WARNING: Block quote ends without a blank line; unexpected unindent. [docutils]
/home/devel/share/workspace_airflow/airflow_doc_gen_360/providers/nomad/docs/_api/airflow/providers/nomad/models/index.rst:1006: WARNING: Definition list ends without a blank line; unexpected unindent. [docutils]
/home/devel/share/workspace_airflow/airflow_doc_gen_360/providers/nomad/docs/_api/airflow/providers/nomad/models/index.rst:1017: WARNING: Definition list ends without a blank line; unexpected unindent. [docutils]
/home/devel/share/workspace_airflow/airflow_doc_gen_360/providers/nomad/docs/_api/airflow/providers/nomad/models/index.rst:1058: ERROR: Unexpected indentation. [docutils]
/home/devel/share/workspace_airflow/airflow_doc_gen_360/providers/nomad/docs/_api/airflow/providers/nomad/models/index.rst:1059: WARNING: Block quote ends without a blank line; unexpected unindent. [docutils]
/home/devel/share/workspace_airflow/airflow_doc_gen_360/providers/nomad/docs/_api/airflow/providers/nomad/models/index.rst:1061: WARNING: Definition list ends without a blank line; unexpected unindent. [docutils]
/home/devel/share/workspace_airflow/airflow_doc_gen_360/providers/nomad/docs/_api/airflow/providers/nomad/models/index.rst:1072: WARNING: Definition list ends without a blank line; unexpected unindent. [docutils]
/home/devel/share/workspace_airflow/airflow_doc_gen_360/providers/nomad/docs/_api/airflow/providers/nomad/models/index.rst:1165: ERROR: Unexpected indentation. [docutils]
/home/devel/share/workspace_airflow/airflow_doc_gen_360/providers/nomad/docs/_api/airflow/providers/nomad/models/index.rst:1166: WARNING: Block quote ends without a blank line; unexpected unindent. [docutils]
/home/devel/share/workspace_airflow/airflow_doc_gen_360/providers/nomad/docs/_api/airflow/providers/nomad/models/index.rst:1168: WARNING: Definition list ends without a blank line; unexpected unindent. [docutils]
/home/devel/share/workspace_airflow/airflow_doc_gen_360/providers/nomad/docs/_api/airflow/providers/nomad/models/index.rst:1179: WARNING: Definition list ends without a blank line; unexpected unindent. [docutils]
/home/devel/share/workspace_airflow/airflow_doc_gen_360/providers/nomad/docs/_api/airflow/providers/nomad/models/index.rst:1214: ERROR: Unexpected indentation. [docutils]
/home/devel/share/workspace_airflow/airflow_doc_gen_360/providers/nomad/docs/_api/airflow/providers/nomad/models/index.rst:1215: WARNING: Block quote ends without a blank line; unexpected unindent. [docutils]
/home/devel/share/workspace_airflow/airflow_doc_gen_360/providers/nomad/docs/_api/airflow/providers/nomad/models/index.rst:1217: WARNING: Definition list ends without a blank line; unexpected unindent. [docutils]
/home/devel/share/workspace_airflow/airflow_doc_gen_360/providers/nomad/docs/_api/airflow/providers/nomad/models/index.rst:1228: WARNING: Definition list ends without a blank line; unexpected unindent. [docutils]
/home/devel/share/workspace_airflow/airflow_doc_gen_360/providers/nomad/docs/_api/airflow/providers/nomad/models/index.rst:1279: ERROR: Unexpected indentation. [docutils]
/home/devel/share/workspace_airflow/airflow_doc_gen_360/providers/nomad/docs/_api/airflow/providers/nomad/models/index.rst:1280: WARNING: Block quote ends without a blank line; unexpected unindent. [docutils]
/home/devel/share/workspace_airflow/airflow_doc_gen_360/providers/nomad/docs/_api/airflow/providers/nomad/models/index.rst:1282: WARNING: Definition list ends without a blank line; unexpected unindent. [docutils]
/home/devel/share/workspace_airflow/airflow_doc_gen_360/providers/nomad/docs/_api/airflow/providers/nomad/models/index.rst:1293: WARNING: Definition list ends without a blank line; unexpected unindent. [docutils]
/home/devel/share/workspace_airflow/airflow_doc_gen_360/providers/nomad/docs/_api/airflow/providers/nomad/index.rst: WARNING: document isn't included in any toctree [toc.not_included]
/home/devel/share/workspace_airflow/airflow_doc_gen_360/providers/nomad/docs/_api/airflow/providers/nomad/templates/job_template/index.rst: WARNING: document isn't included in any toctree [toc.not_included]
/home/devel/share/workspace_airflow/airflow_doc_gen_360/providers/nomad/docs/_api/airflow/providers/nomad/templates/nomad_job_template/index.rst: WARNING: document isn't included in any toctree [toc.not_included]
/home/devel/share/workspace_airflow/airflow_doc_gen_360/providers/nomad/docs/_api/tests/system/nomad/index.rst: WARNING: document isn't included in any toctree [toc.not_included]
/home/devel/share/workspace_airflow/airflow_doc_gen_360/providers/nomad/docs/configurations-ref.rst: WARNING: document isn't included in any toctree [toc.not_included]
/home/devel/share/workspace_airflow/airflow_doc_gen_360/providers/nomad/docs/security.rst: WARNING: document isn't included in any toctree [toc.not_included]
/home/devel/share/workspace_airflow/airflow_doc_gen_360/providers/nomad/docs/nomad_executor.rst:47: WARNING: Lexing literal_block 'client {\n  host_volume "config" {\n    path      = "<server_path>/<runner_space>/config"\n    read_only = true\n  }\n\n  host_volume "dags" {\n    path      = "<server_path>/dags/"\n    read_only = true\n  }\n}' as "hcl" resulted in an error at token: 'h'. Retrying in relaxed mode. [misc.highlighting_failure]
/home/devel/share/workspace_airflow/airflow_doc_gen_360/providers/nomad/docs/nomad_executor.rst:207: WARNING: Lexing literal_block 'client {\n  host_volume "config" {\n    path      = "<server_path>/<runner_space>/config"\n    read_only = true\n  }\n\n  host_volume "dags" {\n    path      = "<server_path>/dags/"\n    read_only = true\n  }\n}\n\n# Require TLS\n\ntls {\n  http = true\n  rpc  = true\n\n  ca_file   = "certs/nomad-agent-ca.pem"\n  cert_file = "certs/global-client-nomad.pem"\n  key_file  = "certs/global-client-nomad-key.pem"\n\n  verify_server_hostname = false\n  verify_https_client    = false\n}' as "hcl" resulted in an error at token: 'h'. Retrying in relaxed mode. [misc.highlighting_failure]
